<?xml version="1.0" encoding="UTF-8"?>
<testsuite name="JUnit Jupiter" tests="34" skipped="0" failures="0" errors="0" time="0.189" hostname="sonal" timestamp="2020-03-01T00:11:40">
<properties>
<property name="awt.toolkit" value="sun.awt.X11.XToolkit"/>
<property name="file.encoding" value="UTF-8"/>
<property name="file.encoding.pkg" value="sun.io"/>
<property name="file.separator" value="/"/>
<property name="java.awt.graphicsenv" value="sun.awt.X11GraphicsEnvironment"/>
<property name="java.awt.printerjob" value="sun.print.PSPrinterJob"/>
<property name="java.class.path" value="/home/sonal/Junit/build/classes/java/test:/home/sonal/Junit/build/resources/test:/home/sonal/Junit/build/classes/java/main:/home/sonal/Junit/build/resources/main:/home/sonal/.gradle/caches/modules-2/files-2.1/org.junit.jupiter/junit-jupiter-params/5.2.0/d70083080bf3400c181562919cb03bf7588104e1/junit-jupiter-params-5.2.0.jar:/home/sonal/.gradle/caches/modules-2/files-2.1/org.junit.jupiter/junit-jupiter-engine/5.0.2/e57de973ac81662ec2b9b225df6c882a641fabe6/junit-jupiter-engine-5.0.2.jar:/home/sonal/.gradle/caches/modules-2/files-2.1/org.junit.jupiter/junit-jupiter-api/5.2.0/9cd901df48d88d8e605a6ccb2c3f140c92db6bf2/junit-jupiter-api-5.2.0.jar:/home/sonal/.gradle/caches/modules-2/files-2.1/org.junit.vintage/junit-vintage-engine/4.12.2/3ee780f46c5669ba5cf6a70405c49becec6f2cef/junit-vintage-engine-4.12.2.jar:/home/sonal/.gradle/caches/modules-2/files-2.1/junit/junit/4.12/2973d150c0dc1fefe998f834810d68f278ea58ec/junit-4.12.jar:/home/sonal/.gradle/caches/modules-2/files-2.1/org.apache.logging.log4j/log4j-core/2.9.0/52f6548ae1688e126c29b5dc400929dc0128615/log4j-core-2.9.0.jar:/home/sonal/.gradle/caches/modules-2/files-2.1/org.apache.logging.log4j/log4j-jul/2.9.0/42fcf24286676172f2cf4665a6bdf23e1fbf6bae/log4j-jul-2.9.0.jar:/home/sonal/.gradle/caches/modules-2/files-2.1/org.junit.platform/junit-platform-launcher/1.0.2/7cd136827fbfe3e6301b95f0340d654ad54feaa4/junit-platform-launcher-1.0.2.jar:/home/sonal/.gradle/caches/modules-2/files-2.1/org.junit.platform/junit-platform-engine/1.0.2/ae5d9b8c44d78da636e4e1e00a907fe0fb7bcb8f/junit-platform-engine-1.0.2.jar:/home/sonal/.gradle/caches/modules-2/files-2.1/org.opentest4j/opentest4j/1.1.0/c8e2a3e3bc7f3e4bb5075306452db5290f9b117a/opentest4j-1.1.0.jar:/home/sonal/.gradle/caches/modules-2/files-2.1/org.junit.platform/junit-platform-commons/1.2.0/dbce1d822d3dc6c61703b340cd79018518685451/junit-platform-commons-1.2.0.jar:/home/sonal/.gradle/caches/modules-2/files-2.1/org.hamcrest/hamcrest-core/1.3/42a25dc3219429f0e5d060061f71acb49bf010a0/hamcrest-core-1.3.jar:/home/sonal/.gradle/caches/modules-2/files-2.1/org.apiguardian/apiguardian-api/1.0.0/3ef5276905e36f4d8055fe3cb0bdcc7503ffc85d/apiguardian-api-1.0.0.jar:/home/sonal/.gradle/caches/modules-2/files-2.1/org.apache.logging.log4j/log4j-api/2.9.0/e0dcd508dfc4864a2f5a1963d6ffad170d970375/log4j-api-2.9.0.jar:/home/sonal/.gradle/caches/modules-2/files-2.1/org.junit.platform/junit-platform-console/1.0.2/2bf2cd18040bfe229bad813c7ab150a0f7ea8153/junit-platform-console-1.0.2.jar:/home/sonal/.gradle/caches/modules-2/files-2.1/org.junit.platform/junit-platform-commons/1.0.2/e348a3a67940694f0718d04f9b0784b3dfb7819b/junit-platform-commons-1.0.2.jar:/home/sonal/.gradle/caches/modules-2/files-2.1/org.opentest4j/opentest4j/1.0.0/6f09c598e9ff64bf0ce2fa7e7de49a99ba83c0b4/opentest4j-1.0.0.jar"/>
<property name="java.class.version" value="52.0"/>
<property name="java.endorsed.dirs" value="/home/sonal/.sdkman/candidates/java/8.0.242-zulu/jre/lib/endorsed"/>
<property name="java.ext.dirs" value="/home/sonal/.sdkman/candidates/java/8.0.242-zulu/jre/lib/ext:/usr/java/packages/lib/ext"/>
<property name="java.home" value="/home/sonal/.sdkman/candidates/java/8.0.242-zulu/jre"/>
<property name="java.io.tmpdir" value="/tmp"/>
<property name="java.library.path" value="/usr/java/packages/lib/amd64:/usr/lib64:/lib64:/lib:/usr/lib"/>
<property name="java.runtime.name" value="OpenJDK Runtime Environment"/>
<property name="java.runtime.version" value="1.8.0_242-b20"/>
<property name="java.specification.name" value="Java Platform API Specification"/>
<property name="java.specification.vendor" value="Oracle Corporation"/>
<property name="java.specification.version" value="1.8"/>
<property name="java.util.logging.manager" value="org.apache.logging.log4j.jul.LogManager"/>
<property name="java.vendor" value="Azul Systems, Inc."/>
<property name="java.vendor.url" value="http://www.azulsystems.com/"/>
<property name="java.vendor.url.bug" value="http://www.azulsystems.com/support/"/>
<property name="java.version" value="1.8.0_242"/>
<property name="java.vm.info" value="mixed mode"/>
<property name="java.vm.name" value="OpenJDK 64-Bit Server VM"/>
<property name="java.vm.specification.name" value="Java Virtual Machine Specification"/>
<property name="java.vm.specification.vendor" value="Oracle Corporation"/>
<property name="java.vm.specification.version" value="1.8"/>
<property name="java.vm.vendor" value="Azul Systems, Inc."/>
<property name="java.vm.version" value="25.242-b20"/>
<property name="line.separator" value="
"/>
<property name="os.arch" value="amd64"/>
<property name="os.name" value="Linux"/>
<property name="os.version" value="4.15.0-88-generic"/>
<property name="path.separator" value=":"/>
<property name="sun.arch.data.model" value="64"/>
<property name="sun.boot.class.path" value="/home/sonal/.sdkman/candidates/java/8.0.242-zulu/jre/lib/resources.jar:/home/sonal/.sdkman/candidates/java/8.0.242-zulu/jre/lib/rt.jar:/home/sonal/.sdkman/candidates/java/8.0.242-zulu/jre/lib/sunrsasign.jar:/home/sonal/.sdkman/candidates/java/8.0.242-zulu/jre/lib/jsse.jar:/home/sonal/.sdkman/candidates/java/8.0.242-zulu/jre/lib/jce.jar:/home/sonal/.sdkman/candidates/java/8.0.242-zulu/jre/lib/charsets.jar:/home/sonal/.sdkman/candidates/java/8.0.242-zulu/jre/lib/jfr.jar:/home/sonal/.sdkman/candidates/java/8.0.242-zulu/jre/classes"/>
<property name="sun.boot.library.path" value="/home/sonal/.sdkman/candidates/java/8.0.242-zulu/jre/lib/amd64"/>
<property name="sun.cpu.endian" value="little"/>
<property name="sun.cpu.isalist" value=""/>
<property name="sun.desktop" value="gnome"/>
<property name="sun.io.unicode.encoding" value="UnicodeLittle"/>
<property name="sun.java.command" value="org.junit.platform.console.ConsoleLauncher --details NONE --scan-class-path /home/sonal/Junit/build/classes/java/main:/home/sonal/Junit/build/resources/main:/home/sonal/Junit/build/classes/java/test:/home/sonal/Junit/build/resources/test -n ^.*Tests?$ -T slow --reports-dir /home/sonal/Junit/build/test-results/junit-platform"/>
<property name="sun.java.launcher" value="SUN_STANDARD"/>
<property name="sun.jnu.encoding" value="UTF-8"/>
<property name="sun.management.compiler" value="HotSpot 64-Bit Tiered Compilers"/>
<property name="sun.os.patch.level" value="unknown"/>
<property name="user.country" value="IN"/>
<property name="user.dir" value="/home/sonal/Junit"/>
<property name="user.home" value="/home/sonal"/>
<property name="user.language" value="en"/>
<property name="user.name" value="sonal"/>
<property name="user.timezone" value="Asia/Kolkata"/>
<property name="user.variant" value=""/>
</properties>
<testcase name="should_ThrowsRuntimeException_When_ListIsEmpty()" classname="com.im.FirstTest$CalculateAverage" time="0.01">
<system-out><![CDATA[
unique-id: [engine:junit-jupiter]/[class:com.im.FirstTest]/[nested-class:CalculateAverage]/[method:should_ThrowsRuntimeException_When_ListIsEmpty()]
display-name: should_ThrowsRuntimeException_When_ListIsEmpty()
]]></system-out>
</testcase>
<testcase name="should_ReturnAverage_When_We_CalculateAverage()" classname="com.im.FirstTest$CalculateAverage" time="0.005">
<system-out><![CDATA[
unique-id: [engine:junit-jupiter]/[class:com.im.FirstTest]/[nested-class:CalculateAverage]/[method:should_ReturnAverage_When_We_CalculateAverage()]
display-name: should_ReturnAverage_When_We_CalculateAverage()
]]></system-out>
</testcase>
<testcase name="should_ThrowsRuntimeException_When_ListSizeIsOne()" classname="com.im.FirstTest$CalculateAverage" time="0.002">
<system-out><![CDATA[
unique-id: [engine:junit-jupiter]/[class:com.im.FirstTest]/[nested-class:CalculateAverage]/[method:should_ThrowsRuntimeException_When_ListSizeIsOne()]
display-name: should_ThrowsRuntimeException_When_ListSizeIsOne()
]]></system-out>
</testcase>
<testcase name="should_ReturnNull_When_ListOnlyContainsEvenElements()" classname="com.im.FirstTest$FilterEvenElements" time="0.001">
<system-out><![CDATA[
unique-id: [engine:junit-jupiter]/[class:com.im.FirstTest]/[nested-class:FilterEvenElements]/[method:should_ReturnNull_When_ListOnlyContainsEvenElements()]
display-name: should_ReturnNull_When_ListOnlyContainsEvenElements()
]]></system-out>
</testcase>
<testcase name="should_ReturnList_When_FilterEvenElements()" classname="com.im.FirstTest$FilterEvenElements" time="0.001">
<system-out><![CDATA[
unique-id: [engine:junit-jupiter]/[class:com.im.FirstTest]/[nested-class:FilterEvenElements]/[method:should_ReturnList_When_FilterEvenElements()]
display-name: should_ReturnList_When_FilterEvenElements()
]]></system-out>
</testcase>
<testcase name="should_ThrowsNullPointerException_When_OriginalStringIsNull()" classname="com.im.FirstTest$StringIsPalindrome" time="0.002">
<system-out><![CDATA[
unique-id: [engine:junit-jupiter]/[class:com.im.FirstTest]/[nested-class:StringIsPalindrome]/[method:should_ThrowsNullPointerException_When_OriginalStringIsNull()]
display-name: should_ThrowsNullPointerException_When_OriginalStringIsNull()
]]></system-out>
</testcase>
<testcase name="should_ReturnTrue_When_StringIsPalindrome()" classname="com.im.FirstTest$StringIsPalindrome" time="0.003">
<system-out><![CDATA[
unique-id: [engine:junit-jupiter]/[class:com.im.FirstTest]/[nested-class:StringIsPalindrome]/[method:should_ReturnTrue_When_StringIsPalindrome()]
display-name: should_ReturnTrue_When_StringIsPalindrome()
]]></system-out>
</testcase>
<testcase name="should_Recognise_When_OriginalStringIsEmpty()" classname="com.im.FirstTest$StringIsPalindrome" time="0.002">
<system-out><![CDATA[
unique-id: [engine:junit-jupiter]/[class:com.im.FirstTest]/[nested-class:StringIsPalindrome]/[method:should_Recognise_When_OriginalStringIsEmpty()]
display-name: should_Recognise_When_OriginalStringIsEmpty()
]]></system-out>
</testcase>
<testcase name="should_ReturnFalse_When_StringIsNotPalindrome()" classname="com.im.FirstTest$StringIsPalindrome" time="0.002">
<system-out><![CDATA[
unique-id: [engine:junit-jupiter]/[class:com.im.FirstTest]/[nested-class:StringIsPalindrome]/[method:should_ReturnFalse_When_StringIsNotPalindrome()]
display-name: should_ReturnFalse_When_StringIsNotPalindrome()
]]></system-out>
</testcase>
<testcase name="should_Recognise_When_OneCharacterStringIsPassed()" classname="com.im.FirstTest$StringIsPalindrome" time="0.001">
<system-out><![CDATA[
unique-id: [engine:junit-jupiter]/[class:com.im.FirstTest]/[nested-class:StringIsPalindrome]/[method:should_Recognise_When_OneCharacterStringIsPassed()]
display-name: should_Recognise_When_OneCharacterStringIsPassed()
]]></system-out>
</testcase>
<testcase name="should_ReturnMainString_When_ReplacementString_IsNull()" classname="com.im.FirstTest$MainString_Contains_SubString" time="0.001">
<system-out><![CDATA[
unique-id: [engine:junit-jupiter]/[class:com.im.FirstTest]/[nested-class:MainString_Contains_SubString]/[method:should_ReturnMainString_When_ReplacementString_IsNull()]
display-name: should_ReturnMainString_When_ReplacementString_IsNull()
]]></system-out>
</testcase>
<testcase name="should_ReturnNewString_When_MainString_Contains_SubString()" classname="com.im.FirstTest$MainString_Contains_SubString" time="0.001">
<system-out><![CDATA[
unique-id: [engine:junit-jupiter]/[class:com.im.FirstTest]/[nested-class:MainString_Contains_SubString]/[method:should_ReturnNewString_When_MainString_Contains_SubString()]
display-name: should_ReturnNewString_When_MainString_Contains_SubString()
]]></system-out>
</testcase>
<testcase name="should_ReturnEmpty_When_MainString_IsEmpty()" classname="com.im.FirstTest$MainString_Contains_SubString" time="0">
<system-out><![CDATA[
unique-id: [engine:junit-jupiter]/[class:com.im.FirstTest]/[nested-class:MainString_Contains_SubString]/[method:should_ReturnEmpty_When_MainString_IsEmpty()]
display-name: should_ReturnEmpty_When_MainString_IsEmpty()
]]></system-out>
</testcase>
<testcase name="should_ReturnMainString_When_SubString_IsNull()" classname="com.im.FirstTest$MainString_Contains_SubString" time="0">
<system-out><![CDATA[
unique-id: [engine:junit-jupiter]/[class:com.im.FirstTest]/[nested-class:MainString_Contains_SubString]/[method:should_ReturnMainString_When_SubString_IsNull()]
display-name: should_ReturnMainString_When_SubString_IsNull()
]]></system-out>
</testcase>
<testcase name="should_ReturnMainString_When_MainString_NotContains_SubString()" classname="com.im.FirstTest$MainString_Contains_SubString" time="0">
<system-out><![CDATA[
unique-id: [engine:junit-jupiter]/[class:com.im.FirstTest]/[nested-class:MainString_Contains_SubString]/[method:should_ReturnMainString_When_MainString_NotContains_SubString()]
display-name: should_ReturnMainString_When_MainString_NotContains_SubString()
]]></system-out>
</testcase>
<testcase name="should_ReturnCorrectDietPlan_When_CorrectCoder()" classname="should_ReturnCorrectDietPlan_When_CorrectCoder()" time="0.004">
<system-out><![CDATA[
unique-id: [engine:junit-jupiter]/[class:healthycoderapp.DietPlannerTest]/[test-template:should_ReturnCorrectDietPlan_When_CorrectCoder()]/[test-template-invocation:#1]
display-name: RepeatedTest.Long_Display_Name
]]></system-out>
</testcase>
<testcase name="should_ReturnCorrectDietPlan_When_CorrectCoder()" classname="should_ReturnCorrectDietPlan_When_CorrectCoder()" time="0.001">
<system-out><![CDATA[
unique-id: [engine:junit-jupiter]/[class:healthycoderapp.DietPlannerTest]/[test-template:should_ReturnCorrectDietPlan_When_CorrectCoder()]/[test-template-invocation:#2]
display-name: RepeatedTest.Long_Display_Name
]]></system-out>
</testcase>
<testcase name="should_ReturnCorrectDietPlan_When_CorrectCoder()" classname="should_ReturnCorrectDietPlan_When_CorrectCoder()" time="0">
<system-out><![CDATA[
unique-id: [engine:junit-jupiter]/[class:healthycoderapp.DietPlannerTest]/[test-template:should_ReturnCorrectDietPlan_When_CorrectCoder()]/[test-template-invocation:#3]
display-name: RepeatedTest.Long_Display_Name
]]></system-out>
</testcase>
<testcase name="should_ReturnCorrectDietPlan_When_CorrectCoder()" classname="should_ReturnCorrectDietPlan_When_CorrectCoder()" time="0">
<system-out><![CDATA[
unique-id: [engine:junit-jupiter]/[class:healthycoderapp.DietPlannerTest]/[test-template:should_ReturnCorrectDietPlan_When_CorrectCoder()]/[test-template-invocation:#4]
display-name: RepeatedTest.Long_Display_Name
]]></system-out>
</testcase>
<testcase name="should_ReturnCorrectDietPlan_When_CorrectCoder()" classname="should_ReturnCorrectDietPlan_When_CorrectCoder()" time="0">
<system-out><![CDATA[
unique-id: [engine:junit-jupiter]/[class:healthycoderapp.DietPlannerTest]/[test-template:should_ReturnCorrectDietPlan_When_CorrectCoder()]/[test-template-invocation:#5]
display-name: RepeatedTest.Long_Display_Name
]]></system-out>
</testcase>
<testcase name="should_ReturnCorrectDietPlan_When_CorrectCoder()" classname="should_ReturnCorrectDietPlan_When_CorrectCoder()" time="0.001">
<system-out><![CDATA[
unique-id: [engine:junit-jupiter]/[class:healthycoderapp.DietPlannerTest]/[test-template:should_ReturnCorrectDietPlan_When_CorrectCoder()]/[test-template-invocation:#6]
display-name: RepeatedTest.Long_Display_Name
]]></system-out>
</testcase>
<testcase name="should_ReturnCorrectDietPlan_When_CorrectCoder()" classname="should_ReturnCorrectDietPlan_When_CorrectCoder()" time="0">
<system-out><![CDATA[
unique-id: [engine:junit-jupiter]/[class:healthycoderapp.DietPlannerTest]/[test-template:should_ReturnCorrectDietPlan_When_CorrectCoder()]/[test-template-invocation:#7]
display-name: RepeatedTest.Long_Display_Name
]]></system-out>
</testcase>
<testcase name="should_ReturnCorrectDietPlan_When_CorrectCoder()" classname="should_ReturnCorrectDietPlan_When_CorrectCoder()" time="0.001">
<system-out><![CDATA[
unique-id: [engine:junit-jupiter]/[class:healthycoderapp.DietPlannerTest]/[test-template:should_ReturnCorrectDietPlan_When_CorrectCoder()]/[test-template-invocation:#8]
display-name: RepeatedTest.Long_Display_Name
]]></system-out>
</testcase>
<testcase name="should_ReturnCorrectDietPlan_When_CorrectCoder()" classname="should_ReturnCorrectDietPlan_When_CorrectCoder()" time="0">
<system-out><![CDATA[
unique-id: [engine:junit-jupiter]/[class:healthycoderapp.DietPlannerTest]/[test-template:should_ReturnCorrectDietPlan_When_CorrectCoder()]/[test-template-invocation:#9]
display-name: RepeatedTest.Long_Display_Name
]]></system-out>
</testcase>
<testcase name="should_ReturnCorrectDietPlan_When_CorrectCoder()" classname="should_ReturnCorrectDietPlan_When_CorrectCoder()" time="0">
<system-out><![CDATA[
unique-id: [engine:junit-jupiter]/[class:healthycoderapp.DietPlannerTest]/[test-template:should_ReturnCorrectDietPlan_When_CorrectCoder()]/[test-template-invocation:#10]
display-name: RepeatedTest.Long_Display_Name
]]></system-out>
</testcase>
<testcase name="should_ReturnCorrectBMIScoresArray_When_CoderListNotEmpty()" classname="healthycoderapp.BMICalculatorTest$GetBMIScoresTests" time="0.002">
<system-out><![CDATA[
unique-id: [engine:junit-jupiter]/[class:healthycoderapp.BMICalculatorTest]/[nested-class:GetBMIScoresTests]/[method:should_ReturnCorrectBMIScoresArray_When_CoderListNotEmpty()]
display-name: should_ReturnCorrectBMIScoresArray_When_CoderListNotEmpty()
]]></system-out>
</testcase>
<testcase name="should_ReturnNullWorstBMICoder_When_CoderListNotEmpty()" classname="healthycoderapp.BMICalculatorTest$FindCoderWithWorstBMITests" time="0.004">
<system-out><![CDATA[
unique-id: [engine:junit-jupiter]/[class:healthycoderapp.BMICalculatorTest]/[nested-class:FindCoderWithWorstBMITests]/[method:should_ReturnNullWorstBMICoder_When_CoderListNotEmpty()]
display-name: should_ReturnNullWorstBMICoder_When_CoderListNotEmpty()
]]></system-out>
</testcase>
<testcase name="should_ReturnCoderWithWorstBMI_When_CoderListNotEmpty()" classname="healthycoderapp.BMICalculatorTest$FindCoderWithWorstBMITests" time="0.001">
<system-out><![CDATA[
unique-id: [engine:junit-jupiter]/[class:healthycoderapp.BMICalculatorTest]/[nested-class:FindCoderWithWorstBMITests]/[method:should_ReturnCoderWithWorstBMI_When_CoderListNotEmpty()]
display-name: should_ReturnCoderWithWorstBMI_When_CoderListNotEmpty()
]]></system-out>
</testcase>
<testcase name="should_ReturnCoderWithWorstBMIIN1Ms_When_CoderHas1000Elements()" classname="healthycoderapp.BMICalculatorTest$FindCoderWithWorstBMITests" time="0.005">
<system-out><![CDATA[
unique-id: [engine:junit-jupiter]/[class:healthycoderapp.BMICalculatorTest]/[nested-class:FindCoderWithWorstBMITests]/[method:should_ReturnCoderWithWorstBMIIN1Ms_When_CoderHas1000Elements()]
display-name: should_ReturnCoderWithWorstBMIIN1Ms_When_CoderHas1000Elements()
]]></system-out>
</testcase>
<testcase name="should_ThrowArithmeticException_When_HeightZero()" classname="healthycoderapp.BMICalculatorTest$IsDietRecommendedTest" time="0.001">
<system-out><![CDATA[
unique-id: [engine:junit-jupiter]/[class:healthycoderapp.BMICalculatorTest]/[nested-class:IsDietRecommendedTest]/[method:should_ThrowArithmeticException_When_HeightZero()]
display-name: should_ThrowArithmeticException_When_HeightZero()
]]></system-out>
</testcase>
<testcase name="should_ReturnFalse_When_DietNotRecommended()" classname="healthycoderapp.BMICalculatorTest$IsDietRecommendedTest" time="0">
<system-out><![CDATA[
unique-id: [engine:junit-jupiter]/[class:healthycoderapp.BMICalculatorTest]/[nested-class:IsDietRecommendedTest]/[method:should_ReturnFalse_When_DietNotRecommended()]
display-name: should_ReturnFalse_When_DietNotRecommended()
]]></system-out>
</testcase>
<testcase name="should_ReturnTrue_When_DietRecommended(Double)" classname="should_ReturnTrue_When_DietRecommended(Double)" time="0.014">
<system-out><![CDATA[
unique-id: [engine:junit-jupiter]/[class:healthycoderapp.BMICalculatorTest]/[nested-class:IsDietRecommendedTest]/[test-template:should_ReturnTrue_When_DietRecommended(java.lang.Double)]/[test-template-invocation:#1]
display-name: weight=89.0,height={1}
]]></system-out>
</testcase>
<testcase name="should_ReturnTrue_When_DietRecommended(Double)" classname="should_ReturnTrue_When_DietRecommended(Double)" time="0.001">
<system-out><![CDATA[
unique-id: [engine:junit-jupiter]/[class:healthycoderapp.BMICalculatorTest]/[nested-class:IsDietRecommendedTest]/[test-template:should_ReturnTrue_When_DietRecommended(java.lang.Double)]/[test-template-invocation:#2]
display-name: weight=95.0,height={1}
]]></system-out>
</testcase>
<testcase name="should_ReturnTrue_When_DietRecommended(Double)" classname="should_ReturnTrue_When_DietRecommended(Double)" time="0">
<system-out><![CDATA[
unique-id: [engine:junit-jupiter]/[class:healthycoderapp.BMICalculatorTest]/[nested-class:IsDietRecommendedTest]/[test-template:should_ReturnTrue_When_DietRecommended(java.lang.Double)]/[test-template-invocation:#3]
display-name: weight=110.0,height={1}
]]></system-out>
</testcase>
<system-out><![CDATA[
unique-id: [engine:junit-jupiter]
display-name: JUnit Jupiter
]]></system-out>
</testsuite>
